<?xml version="1.0" encoding="UTF-8"?>
<!-- Generated by org.testng.reporters.JUnitReportReporter -->
<testsuite hostname="Malhar" failures="0" tests="1" name="HRMS_TestAutomationScripts.TC_02_AddEmployee" time="7.353" errors="0" timestamp="7 Mar 2024 11:39:29 GMT">
  <testcase classname="HRMS_TestAutomationScripts.TC_02_AddEmployee" name="TC_02_AddEmployees" time="7.353"/>
</testsuite> <!-- HRMS_TestAutomationScripts.TC_02_AddEmployee -->
